2023-12-27 12:36:31.828 [info] Log level: Info
2023-12-27 12:36:31.828 [info] Validating found git in: "git"
2023-12-27 12:36:31.828 [info] Using git "2.34.1" from "git"
2023-12-27 12:36:31.828 [info] > git rev-parse --show-toplevel [12ms]
2023-12-27 12:36:31.828 [info] > git rev-parse --git-dir --git-common-dir [23ms]
2023-12-27 12:36:31.828 [info] Open repository: /home/swiss/Documents/c/AceCompiler
2023-12-27 12:36:31.829 [info] > git rev-parse --show-toplevel [20ms]
2023-12-27 12:36:31.830 [info] > git config --get commit.template [27ms]
2023-12-27 12:36:31.847 [info] > git rev-parse --show-toplevel [8ms]
2023-12-27 12:36:31.855 [info] > git for-each-ref --format=%(refname)%00%(upstream:short)%00%(objectname)%00%(upstream:track)%00%(upstream:remotename)%00%(upstream:remoteref) refs/heads/develop refs/remotes/develop [10ms]
2023-12-27 12:36:31.857 [info] > git rev-parse --show-toplevel [2ms]
2023-12-27 12:36:31.874 [info] > git rev-parse --show-toplevel [11ms]
2023-12-27 12:36:31.884 [info] > git status -z -uall [10ms]
2023-12-27 12:36:31.927 [info] > git rev-parse --show-toplevel [44ms]
2023-12-27 12:36:31.935 [info] > git config --get commit.template [9ms]
2023-12-27 12:36:31.940 [info] > git rev-parse --show-toplevel [6ms]
2023-12-27 12:36:31.975 [info] > git for-each-ref --format=%(refname)%00%(upstream:short)%00%(objectname)%00%(upstream:track)%00%(upstream:remotename)%00%(upstream:remoteref) refs/heads/develop refs/remotes/develop [29ms]
2023-12-27 12:36:31.976 [info] > git rev-parse --show-toplevel [2ms]
2023-12-27 12:36:31.990 [info] > git rev-parse --show-toplevel [8ms]
2023-12-27 12:36:31.996 [info] > git status -z -uall [7ms]
2023-12-27 12:36:32.001 [info] > git rev-parse --show-toplevel [6ms]
2023-12-27 12:36:32.010 [info] > git rev-parse --show-toplevel [2ms]
2023-12-27 12:36:32.017 [info] > git rev-parse --show-toplevel [1ms]
2023-12-27 12:36:32.025 [info] > git rev-parse --show-toplevel [1ms]
2023-12-27 12:36:32.031 [info] > git rev-parse --show-toplevel [1ms]
2023-12-27 12:36:32.040 [info] > git rev-parse --show-toplevel [1ms]
2023-12-27 12:36:32.047 [info] > git rev-parse --show-toplevel [1ms]
2023-12-27 12:36:32.056 [info] > git rev-parse --show-toplevel [1ms]
2023-12-27 12:36:32.065 [info] > git rev-parse --show-toplevel [1ms]
2023-12-27 12:36:32.073 [info] > git rev-parse --show-toplevel [2ms]
2023-12-27 12:36:32.081 [info] > git rev-parse --show-toplevel [1ms]
2023-12-27 12:36:32.350 [info] > git check-ignore -v -z --stdin [6ms]
2023-12-27 12:36:37.416 [info] > git check-ignore -v -z --stdin [2ms]
2023-12-27 12:36:39.109 [info] > git check-ignore -v -z --stdin [3ms]
2023-12-27 12:36:47.341 [info] > git config --get commit.template [13ms]
2023-12-27 12:36:47.342 [info] > git for-each-ref --format=%(refname)%00%(upstream:short)%00%(objectname)%00%(upstream:track)%00%(upstream:remotename)%00%(upstream:remoteref) refs/heads/develop refs/remotes/develop [3ms]
2023-12-27 12:36:47.358 [info] > git status -z -uall [4ms]
2023-12-27 12:36:51.877 [info] > git check-ignore -v -z --stdin [1ms]
2023-12-27 12:36:52.390 [info] > git config --get commit.template [7ms]
2023-12-27 12:36:52.391 [info] > git for-each-ref --format=%(refname)%00%(upstream:short)%00%(objectname)%00%(upstream:track)%00%(upstream:remotename)%00%(upstream:remoteref) refs/heads/develop refs/remotes/develop [1ms]
2023-12-27 12:36:52.399 [info] > git status -z -uall [2ms]
2023-12-27 12:36:54.109 [info] > git check-ignore -v -z --stdin [3ms]
2023-12-27 12:36:57.436 [info] > git config --get commit.template [14ms]
2023-12-27 12:36:57.437 [info] > git for-each-ref --format=%(refname)%00%(upstream:short)%00%(objectname)%00%(upstream:track)%00%(upstream:remotename)%00%(upstream:remoteref) refs/heads/develop refs/remotes/develop [3ms]
2023-12-27 12:36:57.451 [info] > git status -z -uall [4ms]
2023-12-27 12:37:02.484 [info] > git config --get commit.template [12ms]
2023-12-27 12:37:02.486 [info] > git for-each-ref --format=%(refname)%00%(upstream:short)%00%(objectname)%00%(upstream:track)%00%(upstream:remotename)%00%(upstream:remoteref) refs/heads/develop refs/remotes/develop [3ms]
2023-12-27 12:37:02.502 [info] > git status -z -uall [6ms]
2023-12-27 12:37:07.529 [info] > git config --get commit.template [1ms]
2023-12-27 12:37:07.541 [info] > git for-each-ref --format=%(refname)%00%(upstream:short)%00%(objectname)%00%(upstream:track)%00%(upstream:remotename)%00%(upstream:remoteref) refs/heads/develop refs/remotes/develop [3ms]
2023-12-27 12:37:07.554 [info] > git status -z -uall [4ms]
2023-12-27 12:37:12.578 [info] > git config --get commit.template [2ms]
2023-12-27 12:37:12.587 [info] > git for-each-ref --format=%(refname)%00%(upstream:short)%00%(objectname)%00%(upstream:track)%00%(upstream:remotename)%00%(upstream:remoteref) refs/heads/develop refs/remotes/develop [2ms]
2023-12-27 12:37:12.596 [info] > git status -z -uall [2ms]
